<<<<<<< HEAD
Oct 17, 2018 10:55:24 PM Assignment2 main
INFO: Create Module Selected
Oct 17, 2018 10:55:49 PM Assignment2 main
INFO: Insertion Sucess
Oct 17, 2018 10:56:29 PM Assignment2 main
INFO: Display Module Selected
Oct 17, 2018 10:56:55 PM Assignment2 main
INFO: Update Module Selected
Oct 17, 2018 10:57:35 PM Assignment2 main
INFO: Updation Sucess
Oct 17, 2018 10:58:00 PM Assignment2 main
INFO: Display Module Selected
Oct 17, 2018 10:58:07 PM Assignment2 main
INFO: Create Module Selected
Oct 17, 2018 10:58:27 PM Assignment2 main
INFO: Insertion Failure
Oct 17, 2018 10:59:05 PM Assignment2 main
INFO: Remove Module Selected
Oct 17, 2018 10:59:08 PM Assignment2 main
INFO: Deletion Sucess
Oct 17, 2018 10:59:08 PM Assignment2 main
INFO: Display Module Selected
=======
Oct 17, 2018 10:55:24 PM Assignment2 main
INFO: Create Module Selected
Oct 17, 2018 10:55:49 PM Assignment2 main
INFO: Insertion Sucess
Oct 17, 2018 10:56:29 PM Assignment2 main
INFO: Display Module Selected
Oct 17, 2018 10:56:55 PM Assignment2 main
INFO: Update Module Selected
Oct 17, 2018 10:57:35 PM Assignment2 main
INFO: Updation Sucess
Oct 17, 2018 10:58:00 PM Assignment2 main
INFO: Display Module Selected
Oct 17, 2018 10:58:07 PM Assignment2 main
INFO: Create Module Selected
Oct 17, 2018 10:58:27 PM Assignment2 main
INFO: Insertion Failure
Oct 17, 2018 10:59:05 PM Assignment2 main
INFO: Remove Module Selected
Oct 17, 2018 10:59:08 PM Assignment2 main
INFO: Deletion Sucess
Oct 17, 2018 10:59:08 PM Assignment2 main
INFO: Display Module Selected
>>>>>>> 2afce9f9120987374846d404e75b41c4c6d50235
